-------------------------------------------------------------------------------
Test set: com.inspections.controller.DeviceMoveIntegrationTest
-------------------------------------------------------------------------------
Tests run: 5, Failures: 5, Errors: 0, Skipped: 0, Time elapsed: 0.130 s <<< FAILURE! -- in com.inspections.controller.DeviceMoveIntegrationTest
com.inspections.controller.DeviceMoveIntegrationTest.moveDevice_thenGetZones_reflectsNewZone -- Time elapsed: 0.013 s <<< FAILURE!
java.lang.AssertionError: Status expected:<200> but was:<401>
	at org.springframework.test.util.AssertionErrors.fail(AssertionErrors.java:59)
	at org.springframework.test.util.AssertionErrors.assertEquals(AssertionErrors.java:122)
	at org.springframework.test.web.servlet.result.StatusResultMatchers.lambda$matcher$9(StatusResultMatchers.java:637)
	at org.springframework.test.web.servlet.MockMvc$1.andExpect(MockMvc.java:214)
	at com.inspections.controller.DeviceMoveIntegrationTest.moveDevice_thenGetZones_reflectsNewZone(DeviceMoveIntegrationTest.java:39)
	at java.base/java.lang.reflect.Method.invoke(Unknown Source)
	at java.base/java.util.ArrayList.forEach(Unknown Source)
	at java.base/java.util.ArrayList.forEach(Unknown Source)

com.inspections.controller.DeviceMoveIntegrationTest.moveDevice_sameZone_returns400 -- Time elapsed: 0.016 s <<< FAILURE!
java.lang.AssertionError: Status expected:<400> but was:<401>
	at org.springframework.test.util.AssertionErrors.fail(AssertionErrors.java:59)
	at org.springframework.test.util.AssertionErrors.assertEquals(AssertionErrors.java:122)
	at org.springframework.test.web.servlet.result.StatusResultMatchers.lambda$matcher$9(StatusResultMatchers.java:637)
	at org.springframework.test.web.servlet.MockMvc$1.andExpect(MockMvc.java:214)
	at com.inspections.controller.DeviceMoveIntegrationTest.moveDevice_sameZone_returns400(DeviceMoveIntegrationTest.java:69)
	at java.base/java.lang.reflect.Method.invoke(Unknown Source)
	at java.base/java.util.ArrayList.forEach(Unknown Source)
	at java.base/java.util.ArrayList.forEach(Unknown Source)

com.inspections.controller.DeviceMoveIntegrationTest.moveDevice_deviceNotInLocation_returns400 -- Time elapsed: 0.025 s <<< FAILURE!
java.lang.AssertionError: Status expected:<400> but was:<401>
	at org.springframework.test.util.AssertionErrors.fail(AssertionErrors.java:59)
	at org.springframework.test.util.AssertionErrors.assertEquals(AssertionErrors.java:122)
	at org.springframework.test.web.servlet.result.StatusResultMatchers.lambda$matcher$9(StatusResultMatchers.java:637)
	at org.springframework.test.web.servlet.MockMvc$1.andExpect(MockMvc.java:214)
	at com.inspections.controller.DeviceMoveIntegrationTest.moveDevice_deviceNotInLocation_returns400(DeviceMoveIntegrationTest.java:103)
	at java.base/java.lang.reflect.Method.invoke(Unknown Source)
	at java.base/java.util.ArrayList.forEach(Unknown Source)
	at java.base/java.util.ArrayList.forEach(Unknown Source)

com.inspections.controller.DeviceMoveIntegrationTest.moveDevice_deviceNotFound_returns404 -- Time elapsed: 0.018 s <<< FAILURE!
java.lang.AssertionError: Status expected:<404> but was:<401>
	at org.springframework.test.util.AssertionErrors.fail(AssertionErrors.java:59)
	at org.springframework.test.util.AssertionErrors.assertEquals(AssertionErrors.java:122)
	at org.springframework.test.web.servlet.result.StatusResultMatchers.lambda$matcher$9(StatusResultMatchers.java:637)
	at org.springframework.test.web.servlet.MockMvc$1.andExpect(MockMvc.java:214)
	at com.inspections.controller.DeviceMoveIntegrationTest.moveDevice_deviceNotFound_returns404(DeviceMoveIntegrationTest.java:80)
	at java.base/java.lang.reflect.Method.invoke(Unknown Source)
	at java.base/java.util.ArrayList.forEach(Unknown Source)
	at java.base/java.util.ArrayList.forEach(Unknown Source)

com.inspections.controller.DeviceMoveIntegrationTest.moveDevice_targetZoneNotInLocation_returns400 -- Time elapsed: 0.013 s <<< FAILURE!
java.lang.AssertionError: Status expected:<400> but was:<401>
	at org.springframework.test.util.AssertionErrors.fail(AssertionErrors.java:59)
	at org.springframework.test.util.AssertionErrors.assertEquals(AssertionErrors.java:122)
	at org.springframework.test.web.servlet.result.StatusResultMatchers.lambda$matcher$9(StatusResultMatchers.java:637)
	at org.springframework.test.web.servlet.MockMvc$1.andExpect(MockMvc.java:214)
	at com.inspections.controller.DeviceMoveIntegrationTest.moveDevice_targetZoneNotInLocation_returns400(DeviceMoveIntegrationTest.java:91)
	at java.base/java.lang.reflect.Method.invoke(Unknown Source)
	at java.base/java.util.ArrayList.forEach(Unknown Source)
	at java.base/java.util.ArrayList.forEach(Unknown Source)

